Determining if the pthread_create exist failed with the following output:
Change Dir: /home/akashvelu/ros_workspaces/eecs106_final_project/project_workspace/build/CMakeFiles/CMakeTmp

Run Build Command:"/usr/bin/make" "cmTC_93f66/fast"
/usr/bin/make -f CMakeFiles/cmTC_93f66.dir/build.make CMakeFiles/cmTC_93f66.dir/build
make[1]: Entering directory '/home/akashvelu/ros_workspaces/eecs106_final_project/project_workspace/build/CMakeFiles/CMakeTmp'
Building C object CMakeFiles/cmTC_93f66.dir/CheckSymbolExists.c.o
/usr/bin/cc     -o CMakeFiles/cmTC_93f66.dir/CheckSymbolExists.c.o   -c /home/akashvelu/ros_workspaces/eecs106_final_project/project_workspace/build/CMakeFiles/CMakeTmp/CheckSymbolExists.c
Linking C executable cmTC_93f66
/usr/bin/cmake -E cmake_link_script CMakeFiles/cmTC_93f66.dir/link.txt --verbose=1
/usr/bin/cc       CMakeFiles/cmTC_93f66.dir/CheckSymbolExists.c.o  -o cmTC_93f66 -rdynamic 
CMakeFiles/cmTC_93f66.dir/CheckSymbolExists.c.o: In function `main':
CheckSymbolExists.c:(.text+0x16): undefined reference to `pthread_create'
collect2: error: ld returned 1 exit status
CMakeFiles/cmTC_93f66.dir/build.make:97: recipe for target 'cmTC_93f66' failed
make[1]: *** [cmTC_93f66] Error 1
make[1]: Leaving directory '/home/akashvelu/ros_workspaces/eecs106_final_project/project_workspace/build/CMakeFiles/CMakeTmp'
Makefile:126: recipe for target 'cmTC_93f66/fast' failed
make: *** [cmTC_93f66/fast] Error 2

File /home/akashvelu/ros_workspaces/eecs106_final_project/project_workspace/build/CMakeFiles/CMakeTmp/CheckSymbolExists.c:
/* */
#include <pthread.h>

int main(int argc, char** argv)
{
  (void)argv;
#ifndef pthread_create
  return ((int*)(&pthread_create))[argc];
#else
  (void)argc;
  return 0;
#endif
}

Determining if the function pthread_create exists in the pthreads failed with the following output:
Change Dir: /home/akashvelu/ros_workspaces/eecs106_final_project/project_workspace/build/CMakeFiles/CMakeTmp

Run Build Command:"/usr/bin/make" "cmTC_987aa/fast"
/usr/bin/make -f CMakeFiles/cmTC_987aa.dir/build.make CMakeFiles/cmTC_987aa.dir/build
make[1]: Entering directory '/home/akashvelu/ros_workspaces/eecs106_final_project/project_workspace/build/CMakeFiles/CMakeTmp'
Building C object CMakeFiles/cmTC_987aa.dir/CheckFunctionExists.c.o
/usr/bin/cc    -DCHECK_FUNCTION_EXISTS=pthread_create   -o CMakeFiles/cmTC_987aa.dir/CheckFunctionExists.c.o   -c /usr/share/cmake-3.5/Modules/CheckFunctionExists.c
Linking C executable cmTC_987aa
/usr/bin/cmake -E cmake_link_script CMakeFiles/cmTC_987aa.dir/link.txt --verbose=1
/usr/bin/cc   -DCHECK_FUNCTION_EXISTS=pthread_create    CMakeFiles/cmTC_987aa.dir/CheckFunctionExists.c.o  -o cmTC_987aa -rdynamic -lpthreads 
/usr/bin/ld: cannot find -lpthreads
collect2: error: ld returned 1 exit status
CMakeFiles/cmTC_987aa.dir/build.make:97: recipe for target 'cmTC_987aa' failed
make[1]: *** [cmTC_987aa] Error 1
make[1]: Leaving directory '/home/akashvelu/ros_workspaces/eecs106_final_project/project_workspace/build/CMakeFiles/CMakeTmp'
Makefile:126: recipe for target 'cmTC_987aa/fast' failed
make: *** [cmTC_987aa/fast] Error 2


